CRITICAL - 2022-07-29 13:09:37 --> Argument 2 passed to view() must be of the type array, null given, called in C:\xampp\htdocs\tfg\app\Controllers\Productos.php on line 71
in SYSTEMPATH\Common.php on line 1121.
 1 APPPATH\Controllers\Productos.php(71): view('checkout', null)
 2 SYSTEMPATH\CodeIgniter.php(896): App\Controllers\Productos->checkout()
 3 SYSTEMPATH\CodeIgniter.php(466): CodeIgniter\CodeIgniter->runController(Object(App\Controllers\Productos))
 4 SYSTEMPATH\CodeIgniter.php(349): CodeIgniter\CodeIgniter->handleRequest(null, Object(Config\Cache), false)
 5 FCPATH\index.php(55): CodeIgniter\CodeIgniter->run()
CRITICAL - 2022-07-29 13:11:37 --> count(): Parameter must be an array or an object that implements Countable
in APPPATH\Views\carrito.php on line 13.
 1 APPPATH\Views\carrito.php(13): CodeIgniter\Debug\Exceptions->errorHandler(2, 'count(): Parameter must be an array or an object that implements Countable', 'APPPATH\\Views\\carrito.php', 13, [...])
 2 SYSTEMPATH\View\View.php(213): include('APPPATH\\Views\\carrito.php')
 3 SYSTEMPATH\View\View.php(216): CodeIgniter\View\View->CodeIgniter\View\{closure}()
 4 SYSTEMPATH\Common.php(1135): CodeIgniter\View\View->render('carrito', [], true)
 5 APPPATH\Controllers\Productos.php(47): view('carrito', [...])
 6 SYSTEMPATH\CodeIgniter.php(896): App\Controllers\Productos->carrito()
 7 SYSTEMPATH\CodeIgniter.php(466): CodeIgniter\CodeIgniter->runController(Object(App\Controllers\Productos))
 8 SYSTEMPATH\CodeIgniter.php(349): CodeIgniter\CodeIgniter->handleRequest(null, Object(Config\Cache), false)
 9 FCPATH\index.php(55): CodeIgniter\CodeIgniter->run()
CRITICAL - 2022-07-29 13:47:19 --> Argument 2 passed to view() must be of the type array, null given, called in C:\xampp\htdocs\tfg\app\Controllers\Productos.php on line 72
in SYSTEMPATH\Common.php on line 1121.
 1 APPPATH\Controllers\Productos.php(72): view('checkout', null)
 2 SYSTEMPATH\CodeIgniter.php(896): App\Controllers\Productos->checkout()
 3 SYSTEMPATH\CodeIgniter.php(466): CodeIgniter\CodeIgniter->runController(Object(App\Controllers\Productos))
 4 SYSTEMPATH\CodeIgniter.php(349): CodeIgniter\CodeIgniter->handleRequest(null, Object(Config\Cache), false)
 5 FCPATH\index.php(55): CodeIgniter\CodeIgniter->run()
