CRITICAL - 2022-07-27 05:59:13 --> Invalid argument supplied for foreach()
in APPPATH\Views\tienda.php on line 27.
 1 APPPATH\Views\tienda.php(27): CodeIgniter\Debug\Exceptions->errorHandler(2, 'Invalid argument supplied for foreach()', 'APPPATH\\Views\\tienda.php', 27, [...])
 2 SYSTEMPATH\View\View.php(213): include('APPPATH\\Views\\tienda.php')
 3 SYSTEMPATH\View\View.php(216): CodeIgniter\View\View->CodeIgniter\View\{closure}()
 4 SYSTEMPATH\Common.php(1135): CodeIgniter\View\View->render('tienda', [], true)
 5 APPPATH\Controllers\Productos.php(155): view('tienda', [...])
 6 SYSTEMPATH\CodeIgniter.php(896): App\Controllers\Productos->add_carrito_ajax()
 7 SYSTEMPATH\CodeIgniter.php(466): CodeIgniter\CodeIgniter->runController(Object(App\Controllers\Productos))
 8 SYSTEMPATH\CodeIgniter.php(349): CodeIgniter\CodeIgniter->handleRequest(null, Object(Config\Cache), false)
 9 FCPATH\index.php(55): CodeIgniter\CodeIgniter->run()
CRITICAL - 2022-07-27 05:59:16 --> Invalid argument supplied for foreach()
in APPPATH\Views\tienda.php on line 27.
 1 APPPATH\Views\tienda.php(27): CodeIgniter\Debug\Exceptions->errorHandler(2, 'Invalid argument supplied for foreach()', 'APPPATH\\Views\\tienda.php', 27, [...])
 2 SYSTEMPATH\View\View.php(213): include('APPPATH\\Views\\tienda.php')
 3 SYSTEMPATH\View\View.php(216): CodeIgniter\View\View->CodeIgniter\View\{closure}()
 4 SYSTEMPATH\Common.php(1135): CodeIgniter\View\View->render('tienda', [], true)
 5 APPPATH\Controllers\Productos.php(155): view('tienda', [...])
 6 SYSTEMPATH\CodeIgniter.php(896): App\Controllers\Productos->add_carrito_ajax()
 7 SYSTEMPATH\CodeIgniter.php(466): CodeIgniter\CodeIgniter->runController(Object(App\Controllers\Productos))
 8 SYSTEMPATH\CodeIgniter.php(349): CodeIgniter\CodeIgniter->handleRequest(null, Object(Config\Cache), false)
 9 FCPATH\index.php(55): CodeIgniter\CodeIgniter->run()
CRITICAL - 2022-07-27 05:59:17 --> Invalid argument supplied for foreach()
in APPPATH\Views\tienda.php on line 27.
 1 APPPATH\Views\tienda.php(27): CodeIgniter\Debug\Exceptions->errorHandler(2, 'Invalid argument supplied for foreach()', 'APPPATH\\Views\\tienda.php', 27, [...])
 2 SYSTEMPATH\View\View.php(213): include('APPPATH\\Views\\tienda.php')
 3 SYSTEMPATH\View\View.php(216): CodeIgniter\View\View->CodeIgniter\View\{closure}()
 4 SYSTEMPATH\Common.php(1135): CodeIgniter\View\View->render('tienda', [], true)
 5 APPPATH\Controllers\Productos.php(155): view('tienda', [...])
 6 SYSTEMPATH\CodeIgniter.php(896): App\Controllers\Productos->add_carrito_ajax()
 7 SYSTEMPATH\CodeIgniter.php(466): CodeIgniter\CodeIgniter->runController(Object(App\Controllers\Productos))
 8 SYSTEMPATH\CodeIgniter.php(349): CodeIgniter\CodeIgniter->handleRequest(null, Object(Config\Cache), false)
 9 FCPATH\index.php(55): CodeIgniter\CodeIgniter->run()
CRITICAL - 2022-07-27 05:59:18 --> Invalid argument supplied for foreach()
in APPPATH\Views\tienda.php on line 27.
 1 APPPATH\Views\tienda.php(27): CodeIgniter\Debug\Exceptions->errorHandler(2, 'Invalid argument supplied for foreach()', 'APPPATH\\Views\\tienda.php', 27, [...])
 2 SYSTEMPATH\View\View.php(213): include('APPPATH\\Views\\tienda.php')
 3 SYSTEMPATH\View\View.php(216): CodeIgniter\View\View->CodeIgniter\View\{closure}()
 4 SYSTEMPATH\Common.php(1135): CodeIgniter\View\View->render('tienda', [], true)
 5 APPPATH\Controllers\Productos.php(155): view('tienda', [...])
 6 SYSTEMPATH\CodeIgniter.php(896): App\Controllers\Productos->add_carrito_ajax()
 7 SYSTEMPATH\CodeIgniter.php(466): CodeIgniter\CodeIgniter->runController(Object(App\Controllers\Productos))
 8 SYSTEMPATH\CodeIgniter.php(349): CodeIgniter\CodeIgniter->handleRequest(null, Object(Config\Cache), false)
 9 FCPATH\index.php(55): CodeIgniter\CodeIgniter->run()
CRITICAL - 2022-07-27 05:59:25 --> Invalid argument supplied for foreach()
in APPPATH\Views\tienda.php on line 27.
 1 APPPATH\Views\tienda.php(27): CodeIgniter\Debug\Exceptions->errorHandler(2, 'Invalid argument supplied for foreach()', 'APPPATH\\Views\\tienda.php', 27, [...])
 2 SYSTEMPATH\View\View.php(213): include('APPPATH\\Views\\tienda.php')
 3 SYSTEMPATH\View\View.php(216): CodeIgniter\View\View->CodeIgniter\View\{closure}()
 4 SYSTEMPATH\Common.php(1135): CodeIgniter\View\View->render('tienda', [], true)
 5 APPPATH\Controllers\Productos.php(155): view('tienda', [...])
 6 SYSTEMPATH\CodeIgniter.php(896): App\Controllers\Productos->add_carrito_ajax()
 7 SYSTEMPATH\CodeIgniter.php(466): CodeIgniter\CodeIgniter->runController(Object(App\Controllers\Productos))
 8 SYSTEMPATH\CodeIgniter.php(349): CodeIgniter\CodeIgniter->handleRequest(null, Object(Config\Cache), false)
 9 FCPATH\index.php(55): CodeIgniter\CodeIgniter->run()
CRITICAL - 2022-07-27 06:07:28 --> Argument 2 passed to view() must be of the type array, null given, called in C:\xampp\htdocs\tfg\app\Controllers\Productos.php on line 46
in SYSTEMPATH\Common.php on line 1121.
 1 APPPATH\Controllers\Productos.php(46): view('carrito', null)
 2 SYSTEMPATH\CodeIgniter.php(896): App\Controllers\Productos->carrito()
 3 SYSTEMPATH\CodeIgniter.php(466): CodeIgniter\CodeIgniter->runController(Object(App\Controllers\Productos))
 4 SYSTEMPATH\CodeIgniter.php(349): CodeIgniter\CodeIgniter->handleRequest(null, Object(Config\Cache), false)
 5 FCPATH\index.php(55): CodeIgniter\CodeIgniter->run()
CRITICAL - 2022-07-27 07:18:13 --> Uncaught TypeError: Argument 2 passed to view() must be of the type array, null given, called in C:\xampp\htdocs\tfg\app\Controllers\Productos.php on line 46 and defined in C:\xampp\htdocs\tfg\system\Common.php:1121
Stack trace:
#0 C:\xampp\htdocs\tfg\app\Controllers\Productos.php(46): view('carrito', NULL)
#1 C:\xampp\htdocs\tfg\system\CodeIgniter.php(896): App\Controllers\Productos->carrito()
#2 C:\xampp\htdocs\tfg\system\CodeIgniter.php(466): CodeIgniter\CodeIgniter->runController(Object(App\Controllers\Productos))
#3 C:\xampp\htdocs\tfg\system\CodeIgniter.php(349): CodeIgniter\CodeIgniter->handleRequest(NULL, Object(Config\Cache), false)
#4 C:\xampp\htdocs\tfg\public\index.php(55): CodeIgniter\CodeIgniter->run()
#5 {main}
  thrown
in SYSTEMPATH\Common.php on line 1121.
 1 [internal function]: CodeIgniter\Debug\Exceptions->shutdownHandler()
CRITICAL - 2022-07-27 07:18:17 --> Argument 2 passed to view() must be of the type array, null given, called in C:\xampp\htdocs\tfg\app\Controllers\Productos.php on line 46
in SYSTEMPATH\Common.php on line 1121.
 1 APPPATH\Controllers\Productos.php(46): view('carrito', null)
 2 SYSTEMPATH\CodeIgniter.php(896): App\Controllers\Productos->carrito()
 3 SYSTEMPATH\CodeIgniter.php(466): CodeIgniter\CodeIgniter->runController(Object(App\Controllers\Productos))
 4 SYSTEMPATH\CodeIgniter.php(349): CodeIgniter\CodeIgniter->handleRequest(null, Object(Config\Cache), false)
 5 FCPATH\index.php(55): CodeIgniter\CodeIgniter->run()
CRITICAL - 2022-07-27 07:18:52 --> Uncaught TypeError: Argument 2 passed to view() must be of the type array, null given, called in C:\xampp\htdocs\tfg\app\Controllers\Productos.php on line 46 and defined in C:\xampp\htdocs\tfg\system\Common.php:1121
Stack trace:
#0 C:\xampp\htdocs\tfg\app\Controllers\Productos.php(46): view('carrito', NULL)
#1 C:\xampp\htdocs\tfg\system\CodeIgniter.php(896): App\Controllers\Productos->carrito()
#2 C:\xampp\htdocs\tfg\system\CodeIgniter.php(466): CodeIgniter\CodeIgniter->runController(Object(App\Controllers\Productos))
#3 C:\xampp\htdocs\tfg\system\CodeIgniter.php(349): CodeIgniter\CodeIgniter->handleRequest(NULL, Object(Config\Cache), false)
#4 C:\xampp\htdocs\tfg\public\index.php(55): CodeIgniter\CodeIgniter->run()
#5 {main}
  thrown
in SYSTEMPATH\Common.php on line 1121.
 1 [internal function]: CodeIgniter\Debug\Exceptions->shutdownHandler()
CRITICAL - 2022-07-27 07:19:15 --> Uncaught TypeError: Argument 2 passed to view() must be of the type array, null given, called in C:\xampp\htdocs\tfg\app\Controllers\Productos.php on line 46 and defined in C:\xampp\htdocs\tfg\system\Common.php:1121
Stack trace:
#0 C:\xampp\htdocs\tfg\app\Controllers\Productos.php(46): view('carrito', NULL)
#1 C:\xampp\htdocs\tfg\system\CodeIgniter.php(896): App\Controllers\Productos->carrito()
#2 C:\xampp\htdocs\tfg\system\CodeIgniter.php(466): CodeIgniter\CodeIgniter->runController(Object(App\Controllers\Productos))
#3 C:\xampp\htdocs\tfg\system\CodeIgniter.php(349): CodeIgniter\CodeIgniter->handleRequest(NULL, Object(Config\Cache), false)
#4 C:\xampp\htdocs\tfg\public\index.php(55): CodeIgniter\CodeIgniter->run()
#5 {main}
  thrown
in SYSTEMPATH\Common.php on line 1121.
 1 [internal function]: CodeIgniter\Debug\Exceptions->shutdownHandler()
CRITICAL - 2022-07-27 07:19:21 --> Argument 2 passed to view() must be of the type array, null given, called in C:\xampp\htdocs\tfg\app\Controllers\Productos.php on line 46
in SYSTEMPATH\Common.php on line 1121.
 1 APPPATH\Controllers\Productos.php(46): view('carrito', null)
 2 SYSTEMPATH\CodeIgniter.php(896): App\Controllers\Productos->carrito()
 3 SYSTEMPATH\CodeIgniter.php(466): CodeIgniter\CodeIgniter->runController(Object(App\Controllers\Productos))
 4 SYSTEMPATH\CodeIgniter.php(349): CodeIgniter\CodeIgniter->handleRequest(null, Object(Config\Cache), false)
 5 FCPATH\index.php(55): CodeIgniter\CodeIgniter->run()
ERROR - 2022-07-27 07:27:00 --> You have an error in your SQL syntax; check the manual that corresponds to your MariaDB server version for the right syntax to use near '' at line 1
CRITICAL - 2022-07-27 07:27:00 --> Call to a member function getRow() on bool
in APPPATH\Models\Productos_model.php on line 116.
 1 APPPATH\Controllers\Productos.php(179): App\Models\Productos_model->get_promocion_producto(null)
 2 SYSTEMPATH\CodeIgniter.php(896): App\Controllers\Productos->update_carrito_ajax()
 3 SYSTEMPATH\CodeIgniter.php(466): CodeIgniter\CodeIgniter->runController(Object(App\Controllers\Productos))
 4 SYSTEMPATH\CodeIgniter.php(349): CodeIgniter\CodeIgniter->handleRequest(null, Object(Config\Cache), false)
 5 FCPATH\index.php(55): CodeIgniter\CodeIgniter->run()
CRITICAL - 2022-07-27 10:26:36 --> Argument 2 passed to view() must be of the type array, null given, called in C:\xampp\htdocs\tfg\app\Controllers\Productos.php on line 46
in SYSTEMPATH\Common.php on line 1121.
 1 APPPATH\Controllers\Productos.php(46): view('carrito', null)
 2 SYSTEMPATH\CodeIgniter.php(896): App\Controllers\Productos->carrito()
 3 SYSTEMPATH\CodeIgniter.php(466): CodeIgniter\CodeIgniter->runController(Object(App\Controllers\Productos))
 4 SYSTEMPATH\CodeIgniter.php(349): CodeIgniter\CodeIgniter->handleRequest(null, Object(Config\Cache), false)
 5 FCPATH\index.php(55): CodeIgniter\CodeIgniter->run()
CRITICAL - 2022-07-27 10:47:01 --> Invalid argument supplied for foreach()
in APPPATH\Views\tienda.php on line 27.
 1 APPPATH\Views\tienda.php(27): CodeIgniter\Debug\Exceptions->errorHandler(2, 'Invalid argument supplied for foreach()', 'APPPATH\\Views\\tienda.php', 27, [...])
 2 SYSTEMPATH\View\View.php(213): include('APPPATH\\Views\\tienda.php')
 3 SYSTEMPATH\View\View.php(216): CodeIgniter\View\View->CodeIgniter\View\{closure}()
 4 SYSTEMPATH\Common.php(1135): CodeIgniter\View\View->render('tienda', [], true)
 5 APPPATH\Controllers\Productos.php(173): view('tienda', [...])
 6 SYSTEMPATH\CodeIgniter.php(896): App\Controllers\Productos->add_carrito_ajax()
 7 SYSTEMPATH\CodeIgniter.php(466): CodeIgniter\CodeIgniter->runController(Object(App\Controllers\Productos))
 8 SYSTEMPATH\CodeIgniter.php(349): CodeIgniter\CodeIgniter->handleRequest(null, Object(Config\Cache), false)
 9 FCPATH\index.php(55): CodeIgniter\CodeIgniter->run()
CRITICAL - 2022-07-27 10:48:30 --> Invalid argument supplied for foreach()
in APPPATH\Views\tienda.php on line 27.
 1 APPPATH\Views\tienda.php(27): CodeIgniter\Debug\Exceptions->errorHandler(2, 'Invalid argument supplied for foreach()', 'APPPATH\\Views\\tienda.php', 27, [...])
 2 SYSTEMPATH\View\View.php(213): include('APPPATH\\Views\\tienda.php')
 3 SYSTEMPATH\View\View.php(216): CodeIgniter\View\View->CodeIgniter\View\{closure}()
 4 SYSTEMPATH\Common.php(1135): CodeIgniter\View\View->render('tienda', [], true)
 5 APPPATH\Controllers\Productos.php(173): view('tienda', [...])
 6 SYSTEMPATH\CodeIgniter.php(896): App\Controllers\Productos->add_carrito_ajax()
 7 SYSTEMPATH\CodeIgniter.php(466): CodeIgniter\CodeIgniter->runController(Object(App\Controllers\Productos))
 8 SYSTEMPATH\CodeIgniter.php(349): CodeIgniter\CodeIgniter->handleRequest(null, Object(Config\Cache), false)
 9 FCPATH\index.php(55): CodeIgniter\CodeIgniter->run()
CRITICAL - 2022-07-27 10:50:08 --> Invalid argument supplied for foreach()
in APPPATH\Views\tienda.php on line 27.
 1 APPPATH\Views\tienda.php(27): CodeIgniter\Debug\Exceptions->errorHandler(2, 'Invalid argument supplied for foreach()', 'APPPATH\\Views\\tienda.php', 27, [...])
 2 SYSTEMPATH\View\View.php(213): include('APPPATH\\Views\\tienda.php')
 3 SYSTEMPATH\View\View.php(216): CodeIgniter\View\View->CodeIgniter\View\{closure}()
 4 SYSTEMPATH\Common.php(1135): CodeIgniter\View\View->render('tienda', [], true)
 5 APPPATH\Controllers\Productos.php(173): view('tienda', [...])
 6 SYSTEMPATH\CodeIgniter.php(896): App\Controllers\Productos->add_carrito_ajax()
 7 SYSTEMPATH\CodeIgniter.php(466): CodeIgniter\CodeIgniter->runController(Object(App\Controllers\Productos))
 8 SYSTEMPATH\CodeIgniter.php(349): CodeIgniter\CodeIgniter->handleRequest(null, Object(Config\Cache), false)
 9 FCPATH\index.php(55): CodeIgniter\CodeIgniter->run()
CRITICAL - 2022-07-27 10:54:42 --> Invalid argument supplied for foreach()
in APPPATH\Views\tienda.php on line 27.
 1 APPPATH\Views\tienda.php(27): CodeIgniter\Debug\Exceptions->errorHandler(2, 'Invalid argument supplied for foreach()', 'APPPATH\\Views\\tienda.php', 27, [...])
 2 SYSTEMPATH\View\View.php(213): include('APPPATH\\Views\\tienda.php')
 3 SYSTEMPATH\View\View.php(216): CodeIgniter\View\View->CodeIgniter\View\{closure}()
 4 SYSTEMPATH\Common.php(1135): CodeIgniter\View\View->render('tienda', [], true)
 5 APPPATH\Controllers\Productos.php(173): view('tienda', [...])
 6 SYSTEMPATH\CodeIgniter.php(896): App\Controllers\Productos->add_carrito_ajax()
 7 SYSTEMPATH\CodeIgniter.php(466): CodeIgniter\CodeIgniter->runController(Object(App\Controllers\Productos))
 8 SYSTEMPATH\CodeIgniter.php(349): CodeIgniter\CodeIgniter->handleRequest(null, Object(Config\Cache), false)
 9 FCPATH\index.php(55): CodeIgniter\CodeIgniter->run()
CRITICAL - 2022-07-27 10:54:50 --> Invalid argument supplied for foreach()
in APPPATH\Views\tienda.php on line 27.
 1 APPPATH\Views\tienda.php(27): CodeIgniter\Debug\Exceptions->errorHandler(2, 'Invalid argument supplied for foreach()', 'APPPATH\\Views\\tienda.php', 27, [...])
 2 SYSTEMPATH\View\View.php(213): include('APPPATH\\Views\\tienda.php')
 3 SYSTEMPATH\View\View.php(216): CodeIgniter\View\View->CodeIgniter\View\{closure}()
 4 SYSTEMPATH\Common.php(1135): CodeIgniter\View\View->render('tienda', [], true)
 5 APPPATH\Controllers\Productos.php(173): view('tienda', [...])
 6 SYSTEMPATH\CodeIgniter.php(896): App\Controllers\Productos->add_carrito_ajax()
 7 SYSTEMPATH\CodeIgniter.php(466): CodeIgniter\CodeIgniter->runController(Object(App\Controllers\Productos))
 8 SYSTEMPATH\CodeIgniter.php(349): CodeIgniter\CodeIgniter->handleRequest(null, Object(Config\Cache), false)
 9 FCPATH\index.php(55): CodeIgniter\CodeIgniter->run()
CRITICAL - 2022-07-27 10:56:49 --> Invalid argument supplied for foreach()
in APPPATH\Views\tienda.php on line 27.
 1 APPPATH\Views\tienda.php(27): CodeIgniter\Debug\Exceptions->errorHandler(2, 'Invalid argument supplied for foreach()', 'APPPATH\\Views\\tienda.php', 27, [...])
 2 SYSTEMPATH\View\View.php(213): include('APPPATH\\Views\\tienda.php')
 3 SYSTEMPATH\View\View.php(216): CodeIgniter\View\View->CodeIgniter\View\{closure}()
 4 SYSTEMPATH\Common.php(1135): CodeIgniter\View\View->render('tienda', [], true)
 5 APPPATH\Controllers\Productos.php(173): view('tienda', [...])
 6 SYSTEMPATH\CodeIgniter.php(896): App\Controllers\Productos->add_carrito_ajax()
 7 SYSTEMPATH\CodeIgniter.php(466): CodeIgniter\CodeIgniter->runController(Object(App\Controllers\Productos))
 8 SYSTEMPATH\CodeIgniter.php(349): CodeIgniter\CodeIgniter->handleRequest(null, Object(Config\Cache), false)
 9 FCPATH\index.php(55): CodeIgniter\CodeIgniter->run()
CRITICAL - 2022-07-27 10:57:05 --> Invalid argument supplied for foreach()
in APPPATH\Views\tienda.php on line 27.
 1 APPPATH\Views\tienda.php(27): CodeIgniter\Debug\Exceptions->errorHandler(2, 'Invalid argument supplied for foreach()', 'APPPATH\\Views\\tienda.php', 27, [...])
 2 SYSTEMPATH\View\View.php(213): include('APPPATH\\Views\\tienda.php')
 3 SYSTEMPATH\View\View.php(216): CodeIgniter\View\View->CodeIgniter\View\{closure}()
 4 SYSTEMPATH\Common.php(1135): CodeIgniter\View\View->render('tienda', [], true)
 5 APPPATH\Controllers\Productos.php(170): view('tienda', [...])
 6 SYSTEMPATH\CodeIgniter.php(896): App\Controllers\Productos->add_carrito_ajax()
 7 SYSTEMPATH\CodeIgniter.php(466): CodeIgniter\CodeIgniter->runController(Object(App\Controllers\Productos))
 8 SYSTEMPATH\CodeIgniter.php(349): CodeIgniter\CodeIgniter->handleRequest(null, Object(Config\Cache), false)
 9 FCPATH\index.php(55): CodeIgniter\CodeIgniter->run()
CRITICAL - 2022-07-27 11:04:17 --> Uncaught TypeError: Argument 2 passed to view() must be of the type array, null given, called in C:\xampp\htdocs\tfg\app\Controllers\Productos.php on line 221 and defined in C:\xampp\htdocs\tfg\system\Common.php:1121
Stack trace:
#0 C:\xampp\htdocs\tfg\app\Controllers\Productos.php(221): view('carrito', NULL)
#1 C:\xampp\htdocs\tfg\system\CodeIgniter.php(896): App\Controllers\Productos->update_carrito_ajax()
#2 C:\xampp\htdocs\tfg\system\CodeIgniter.php(466): CodeIgniter\CodeIgniter->runController(Object(App\Controllers\Productos))
#3 C:\xampp\htdocs\tfg\system\CodeIgniter.php(349): CodeIgniter\CodeIgniter->handleRequest(NULL, Object(Config\Cache), false)
#4 C:\xampp\htdocs\tfg\public\index.php(55): CodeIgniter\CodeIgniter->run()
#5 {main}
  thrown
in SYSTEMPATH\Common.php on line 1121.
 1 [internal function]: CodeIgniter\Debug\Exceptions->shutdownHandler()
CRITICAL - 2022-07-27 11:15:04 --> Function name must be a string
in APPPATH\Views\tienda.php on line 42.
 1 SYSTEMPATH\View\View.php(213): include()
 2 SYSTEMPATH\View\View.php(216): CodeIgniter\View\View->CodeIgniter\View\{closure}()
 3 SYSTEMPATH\Common.php(1135): CodeIgniter\View\View->render('tienda', [], true)
 4 APPPATH\Controllers\Productos.php(23): view('tienda', [...])
 5 SYSTEMPATH\CodeIgniter.php(896): App\Controllers\Productos->index()
 6 SYSTEMPATH\CodeIgniter.php(466): CodeIgniter\CodeIgniter->runController(Object(App\Controllers\Productos))
 7 SYSTEMPATH\CodeIgniter.php(349): CodeIgniter\CodeIgniter->handleRequest(null, Object(Config\Cache), false)
 8 FCPATH\index.php(55): CodeIgniter\CodeIgniter->run()
CRITICAL - 2022-07-27 11:18:14 --> Invalid argument supplied for foreach()
in APPPATH\Views\carrito.php on line 26.
 1 APPPATH\Views\carrito.php(26): CodeIgniter\Debug\Exceptions->errorHandler(2, 'Invalid argument supplied for foreach()', 'APPPATH\\Views\\carrito.php', 26, [...])
 2 SYSTEMPATH\View\View.php(213): include('APPPATH\\Views\\carrito.php')
 3 SYSTEMPATH\View\View.php(216): CodeIgniter\View\View->CodeIgniter\View\{closure}()
 4 SYSTEMPATH\Common.php(1135): CodeIgniter\View\View->render('carrito', [], true)
 5 APPPATH\Controllers\Productos.php(46): view('carrito', [...])
 6 SYSTEMPATH\CodeIgniter.php(896): App\Controllers\Productos->carrito()
 7 SYSTEMPATH\CodeIgniter.php(466): CodeIgniter\CodeIgniter->runController(Object(App\Controllers\Productos))
 8 SYSTEMPATH\CodeIgniter.php(349): CodeIgniter\CodeIgniter->handleRequest(null, Object(Config\Cache), false)
 9 FCPATH\index.php(55): CodeIgniter\CodeIgniter->run()
CRITICAL - 2022-07-27 11:24:48 --> Invalid argument supplied for foreach()
in APPPATH\Views\carrito.php on line 26.
 1 APPPATH\Views\carrito.php(26): CodeIgniter\Debug\Exceptions->errorHandler(2, 'Invalid argument supplied for foreach()', 'APPPATH\\Views\\carrito.php', 26, [...])
 2 SYSTEMPATH\View\View.php(213): include('APPPATH\\Views\\carrito.php')
 3 SYSTEMPATH\View\View.php(216): CodeIgniter\View\View->CodeIgniter\View\{closure}()
 4 SYSTEMPATH\Common.php(1135): CodeIgniter\View\View->render('carrito', [], true)
 5 APPPATH\Controllers\Productos.php(221): view('carrito', [...])
 6 SYSTEMPATH\CodeIgniter.php(896): App\Controllers\Productos->update_carrito_ajax()
 7 SYSTEMPATH\CodeIgniter.php(466): CodeIgniter\CodeIgniter->runController(Object(App\Controllers\Productos))
 8 SYSTEMPATH\CodeIgniter.php(349): CodeIgniter\CodeIgniter->handleRequest(null, Object(Config\Cache), false)
 9 FCPATH\index.php(55): CodeIgniter\CodeIgniter->run()
CRITICAL - 2022-07-27 11:43:33 --> Invalid argument supplied for foreach()
in APPPATH\Views\carrito.php on line 26.
 1 APPPATH\Views\carrito.php(26): CodeIgniter\Debug\Exceptions->errorHandler(2, 'Invalid argument supplied for foreach()', 'APPPATH\\Views\\carrito.php', 26, [...])
 2 SYSTEMPATH\View\View.php(213): include('APPPATH\\Views\\carrito.php')
 3 SYSTEMPATH\View\View.php(216): CodeIgniter\View\View->CodeIgniter\View\{closure}()
 4 SYSTEMPATH\Common.php(1135): CodeIgniter\View\View->render('carrito', [], true)
 5 APPPATH\Controllers\Productos.php(225): view('carrito', [...])
 6 SYSTEMPATH\CodeIgniter.php(896): App\Controllers\Productos->update_carrito_ajax()
 7 SYSTEMPATH\CodeIgniter.php(466): CodeIgniter\CodeIgniter->runController(Object(App\Controllers\Productos))
 8 SYSTEMPATH\CodeIgniter.php(349): CodeIgniter\CodeIgniter->handleRequest(null, Object(Config\Cache), false)
 9 FCPATH\index.php(55): CodeIgniter\CodeIgniter->run()
CRITICAL - 2022-07-27 11:43:41 --> Invalid argument supplied for foreach()
in APPPATH\Views\carrito.php on line 26.
 1 APPPATH\Views\carrito.php(26): CodeIgniter\Debug\Exceptions->errorHandler(2, 'Invalid argument supplied for foreach()', 'APPPATH\\Views\\carrito.php', 26, [...])
 2 SYSTEMPATH\View\View.php(213): include('APPPATH\\Views\\carrito.php')
 3 SYSTEMPATH\View\View.php(216): CodeIgniter\View\View->CodeIgniter\View\{closure}()
 4 SYSTEMPATH\Common.php(1135): CodeIgniter\View\View->render('carrito', [], true)
 5 APPPATH\Controllers\Productos.php(225): view('carrito', [...])
 6 SYSTEMPATH\CodeIgniter.php(896): App\Controllers\Productos->update_carrito_ajax()
 7 SYSTEMPATH\CodeIgniter.php(466): CodeIgniter\CodeIgniter->runController(Object(App\Controllers\Productos))
 8 SYSTEMPATH\CodeIgniter.php(349): CodeIgniter\CodeIgniter->handleRequest(null, Object(Config\Cache), false)
 9 FCPATH\index.php(55): CodeIgniter\CodeIgniter->run()
CRITICAL - 2022-07-27 11:43:42 --> Invalid argument supplied for foreach()
in APPPATH\Views\carrito.php on line 26.
 1 APPPATH\Views\carrito.php(26): CodeIgniter\Debug\Exceptions->errorHandler(2, 'Invalid argument supplied for foreach()', 'APPPATH\\Views\\carrito.php', 26, [...])
 2 SYSTEMPATH\View\View.php(213): include('APPPATH\\Views\\carrito.php')
 3 SYSTEMPATH\View\View.php(216): CodeIgniter\View\View->CodeIgniter\View\{closure}()
 4 SYSTEMPATH\Common.php(1135): CodeIgniter\View\View->render('carrito', [], true)
 5 APPPATH\Controllers\Productos.php(225): view('carrito', [...])
 6 SYSTEMPATH\CodeIgniter.php(896): App\Controllers\Productos->update_carrito_ajax()
 7 SYSTEMPATH\CodeIgniter.php(466): CodeIgniter\CodeIgniter->runController(Object(App\Controllers\Productos))
 8 SYSTEMPATH\CodeIgniter.php(349): CodeIgniter\CodeIgniter->handleRequest(null, Object(Config\Cache), false)
 9 FCPATH\index.php(55): CodeIgniter\CodeIgniter->run()
CRITICAL - 2022-07-27 11:43:50 --> Invalid argument supplied for foreach()
in APPPATH\Views\carrito.php on line 26.
 1 APPPATH\Views\carrito.php(26): CodeIgniter\Debug\Exceptions->errorHandler(2, 'Invalid argument supplied for foreach()', 'APPPATH\\Views\\carrito.php', 26, [...])
 2 SYSTEMPATH\View\View.php(213): include('APPPATH\\Views\\carrito.php')
 3 SYSTEMPATH\View\View.php(216): CodeIgniter\View\View->CodeIgniter\View\{closure}()
 4 SYSTEMPATH\Common.php(1135): CodeIgniter\View\View->render('carrito', [], true)
 5 APPPATH\Controllers\Productos.php(225): view('carrito', [...])
 6 SYSTEMPATH\CodeIgniter.php(896): App\Controllers\Productos->update_carrito_ajax()
 7 SYSTEMPATH\CodeIgniter.php(466): CodeIgniter\CodeIgniter->runController(Object(App\Controllers\Productos))
 8 SYSTEMPATH\CodeIgniter.php(349): CodeIgniter\CodeIgniter->handleRequest(null, Object(Config\Cache), false)
 9 FCPATH\index.php(55): CodeIgniter\CodeIgniter->run()
CRITICAL - 2022-07-27 11:43:52 --> Invalid argument supplied for foreach()
in APPPATH\Views\carrito.php on line 26.
 1 APPPATH\Views\carrito.php(26): CodeIgniter\Debug\Exceptions->errorHandler(2, 'Invalid argument supplied for foreach()', 'APPPATH\\Views\\carrito.php', 26, [...])
 2 SYSTEMPATH\View\View.php(213): include('APPPATH\\Views\\carrito.php')
 3 SYSTEMPATH\View\View.php(216): CodeIgniter\View\View->CodeIgniter\View\{closure}()
 4 SYSTEMPATH\Common.php(1135): CodeIgniter\View\View->render('carrito', [], true)
 5 APPPATH\Controllers\Productos.php(225): view('carrito', [...])
 6 SYSTEMPATH\CodeIgniter.php(896): App\Controllers\Productos->update_carrito_ajax()
 7 SYSTEMPATH\CodeIgniter.php(466): CodeIgniter\CodeIgniter->runController(Object(App\Controllers\Productos))
 8 SYSTEMPATH\CodeIgniter.php(349): CodeIgniter\CodeIgniter->handleRequest(null, Object(Config\Cache), false)
 9 FCPATH\index.php(55): CodeIgniter\CodeIgniter->run()
CRITICAL - 2022-07-27 11:45:04 --> Uncaught ErrorException: Invalid argument supplied for foreach() in C:\xampp\htdocs\tfg\app\Views\carrito.php:26
Stack trace:
#0 C:\xampp\htdocs\tfg\app\Views\carrito.php(26): CodeIgniter\Debug\Exceptions->errorHandler(2, 'Invalid argumen...', 'C:\\xampp\\htdocs...', 26, Array)
#1 C:\xampp\htdocs\tfg\system\View\View.php(213): include('C:\\xampp\\htdocs...')
#2 C:\xampp\htdocs\tfg\system\View\View.php(216): CodeIgniter\View\View->CodeIgniter\View\{closure}()
#3 C:\xampp\htdocs\tfg\system\Common.php(1135): CodeIgniter\View\View->render('carrito', Array, true)
#4 C:\xampp\htdocs\tfg\app\Controllers\Productos.php(225): view('carrito', Array)
#5 C:\xampp\htdocs\tfg\system\CodeIgniter.php(896): App\Controllers\Productos->update_carrito_ajax()
#6 C:\xampp\htdocs\tfg\system\CodeIgniter.php(466): CodeIgniter\CodeIgniter->runController(Object(App\Controllers\Productos))
#7 C:\xampp\htdocs\tfg\system\CodeIgniter.php(349): CodeIgniter\CodeIgniter->handleRequest(NULL, Object(Config\Cache), false)
#8 C:\xampp\htdocs\tfg\p
in APPPATH\Views\carrito.php on line 26.
 1 [internal function]: CodeIgniter\Debug\Exceptions->shutdownHandler()
