CRITICAL - 2022-07-27 05:02:37 --> Invalid argument supplied for foreach()
in APPPATH\Views\promociones_list.php on line 21.
 1 APPPATH\Views\promociones_list.php(21): CodeIgniter\Debug\Exceptions->errorHandler(2, 'Invalid argument supplied for foreach()', 'APPPATH\\Views\\promociones_list.php', 21, [...])
 2 SYSTEMPATH\View\View.php(213): include('APPPATH\\Views\\promociones_list.php')
 3 SYSTEMPATH\View\View.php(216): CodeIgniter\View\View->CodeIgniter\View\{closure}()
 4 SYSTEMPATH\Common.php(1135): CodeIgniter\View\View->render('promociones_list', [], true)
 5 APPPATH\Controllers\Productos.php(308): view('promociones_list', [...])
 6 SYSTEMPATH\CodeIgniter.php(896): App\Controllers\Productos->promociones_list()
 7 SYSTEMPATH\CodeIgniter.php(466): CodeIgniter\CodeIgniter->runController(Object(App\Controllers\Productos))
 8 SYSTEMPATH\CodeIgniter.php(349): CodeIgniter\CodeIgniter->handleRequest(null, Object(Config\Cache), false)
 9 FCPATH\index.php(55): CodeIgniter\CodeIgniter->run()
CRITICAL - 2022-07-27 05:20:52 --> Invalid argument supplied for foreach()
in APPPATH\Views\edit_promocion.php on line 49.
 1 APPPATH\Views\edit_promocion.php(49): CodeIgniter\Debug\Exceptions->errorHandler(2, 'Invalid argument supplied for foreach()', 'APPPATH\\Views\\edit_promocion.php', 49, [])
 2 SYSTEMPATH\View\View.php(213): include('APPPATH\\Views\\edit_promocion.php')
 3 SYSTEMPATH\View\View.php(216): CodeIgniter\View\View->CodeIgniter\View\{closure}()
 4 SYSTEMPATH\Common.php(1135): CodeIgniter\View\View->render('edit_promocion', [], true)
 5 APPPATH\Controllers\Productos.php(344): view('edit_promocion')
 6 SYSTEMPATH\CodeIgniter.php(896): App\Controllers\Productos->add_promocion()
 7 SYSTEMPATH\CodeIgniter.php(466): CodeIgniter\CodeIgniter->runController(Object(App\Controllers\Productos))
 8 SYSTEMPATH\CodeIgniter.php(349): CodeIgniter\CodeIgniter->handleRequest(null, Object(Config\Cache), false)
 9 FCPATH\index.php(55): CodeIgniter\CodeIgniter->run()
ERROR - 2022-07-27 05:23:08 --> Unknown column 'descripcion' in 'field list'
