ERROR - 2022-07-19 12:36:56 --> You have an error in your SQL syntax; check the manual that corresponds to your MariaDB server version for the right syntax to use near ':num' at line 1
CRITICAL - 2022-07-19 12:36:57 --> Call to a member function getRow() on bool
in APPPATH\Models\Productos_model.php on line 19.
 1 APPPATH\Controllers\Productos.php(285): App\Models\Productos_model->get_product(':num')
 2 SYSTEMPATH\CodeIgniter.php(896): App\Controllers\Productos->edit_producto(':num')
 3 SYSTEMPATH\CodeIgniter.php(466): CodeIgniter\CodeIgniter->runController(Object(App\Controllers\Productos))
 4 SYSTEMPATH\CodeIgniter.php(349): CodeIgniter\CodeIgniter->handleRequest(null, Object(Config\Cache), false)
 5 FCPATH\index.php(55): CodeIgniter\CodeIgniter->run()
ERROR - 2022-07-19 12:38:17 --> You have an error in your SQL syntax; check the manual that corresponds to your MariaDB server version for the right syntax to use near ':num)' at line 1
CRITICAL - 2022-07-19 12:38:17 --> Call to a member function getRow() on bool
in APPPATH\Models\Productos_model.php on line 19.
 1 APPPATH\Controllers\Productos.php(285): App\Models\Productos_model->get_product('(:num)')
 2 SYSTEMPATH\CodeIgniter.php(896): App\Controllers\Productos->edit_producto('(:num)')
 3 SYSTEMPATH\CodeIgniter.php(466): CodeIgniter\CodeIgniter->runController(Object(App\Controllers\Productos))
 4 SYSTEMPATH\CodeIgniter.php(349): CodeIgniter\CodeIgniter->handleRequest(null, Object(Config\Cache), false)
 5 FCPATH\index.php(55): CodeIgniter\CodeIgniter->run()
ERROR - 2022-07-19 12:39:39 --> You have an error in your SQL syntax; check the manual that corresponds to your MariaDB server version for the right syntax to use near ':num)' at line 1
CRITICAL - 2022-07-19 12:39:39 --> Call to a member function getRow() on bool
in APPPATH\Models\Productos_model.php on line 19.
 1 APPPATH\Controllers\Productos.php(285): App\Models\Productos_model->get_product('(:num)')
 2 SYSTEMPATH\CodeIgniter.php(896): App\Controllers\Productos->edit_producto('(:num)')
 3 SYSTEMPATH\CodeIgniter.php(466): CodeIgniter\CodeIgniter->runController(Object(App\Controllers\Productos))
 4 SYSTEMPATH\CodeIgniter.php(349): CodeIgniter\CodeIgniter->handleRequest(null, Object(Config\Cache), false)
 5 FCPATH\index.php(55): CodeIgniter\CodeIgniter->run()
ERROR - 2022-07-19 12:39:39 --> You have an error in your SQL syntax; check the manual that corresponds to your MariaDB server version for the right syntax to use near ':num)' at line 1
CRITICAL - 2022-07-19 12:39:39 --> Call to a member function getRow() on bool
in APPPATH\Models\Productos_model.php on line 19.
 1 APPPATH\Controllers\Productos.php(285): App\Models\Productos_model->get_product('(:num)')
 2 SYSTEMPATH\CodeIgniter.php(896): App\Controllers\Productos->edit_producto('(:num)')
 3 SYSTEMPATH\CodeIgniter.php(466): CodeIgniter\CodeIgniter->runController(Object(App\Controllers\Productos))
 4 SYSTEMPATH\CodeIgniter.php(349): CodeIgniter\CodeIgniter->handleRequest(null, Object(Config\Cache), false)
 5 FCPATH\index.php(55): CodeIgniter\CodeIgniter->run()
ERROR - 2022-07-19 12:40:37 --> You have an error in your SQL syntax; check the manual that corresponds to your MariaDB server version for the right syntax to use near ':any)' at line 1
CRITICAL - 2022-07-19 12:40:38 --> Call to a member function getRow() on bool
in APPPATH\Models\Productos_model.php on line 19.
 1 APPPATH\Controllers\Productos.php(285): App\Models\Productos_model->get_product('(:any)')
 2 SYSTEMPATH\CodeIgniter.php(896): App\Controllers\Productos->edit_producto('(:any)')
 3 SYSTEMPATH\CodeIgniter.php(466): CodeIgniter\CodeIgniter->runController(Object(App\Controllers\Productos))
 4 SYSTEMPATH\CodeIgniter.php(349): CodeIgniter\CodeIgniter->handleRequest(null, Object(Config\Cache), false)
 5 FCPATH\index.php(55): CodeIgniter\CodeIgniter->run()
CRITICAL - 2022-07-19 12:41:58 --> Uncaught mysqli_sql_exception: You have an error in your SQL syntax; check the manual that corresponds to your MariaDB server version for the right syntax to use near ':any)' at line 1 in C:\xampp\htdocs\tfg\backoffice\system\Database\MySQLi\Connection.php:292
Stack trace:
#0 C:\xampp\htdocs\tfg\backoffice\system\Database\MySQLi\Connection.php(292): mysqli->query('SELECT * FROM p...', 0)
#1 C:\xampp\htdocs\tfg\backoffice\system\Database\BaseConnection.php(695): CodeIgniter\Database\MySQLi\Connection->execute('SELECT * FROM p...')
#2 C:\xampp\htdocs\tfg\backoffice\system\Database\BaseConnection.php(609): CodeIgniter\Database\BaseConnection->simpleQuery('SELECT * FROM p...')
#3 C:\xampp\htdocs\tfg\backoffice\app\Models\Productos_model.php(18): CodeIgniter\Database\BaseConnection->query('SELECT * FROM p...')
#4 C:\xampp\htdocs\tfg\backoffice\app\Controllers\Productos.php(285): App\Models\Productos_model->get_product('(:any)')
#5 C:\xampp\htdocs\tfg\backoffice\system\CodeIgniter.php(896): App\Controllers\Producto
in SYSTEMPATH\Database\MySQLi\Connection.php on line 292.
 1 [internal function]: CodeIgniter\Debug\Exceptions->shutdownHandler()
CRITICAL - 2022-07-19 12:42:03 --> Too few arguments to function App\Controllers\Productos::edit_producto(), 0 passed in C:\xampp\htdocs\tfg\backoffice\system\CodeIgniter.php on line 896 and exactly 1 expected
in APPPATH\Controllers\Productos.php on line 257.
 1 SYSTEMPATH\CodeIgniter.php(896): App\Controllers\Productos->edit_producto()
 2 SYSTEMPATH\CodeIgniter.php(466): CodeIgniter\CodeIgniter->runController(Object(App\Controllers\Productos))
 3 SYSTEMPATH\CodeIgniter.php(349): CodeIgniter\CodeIgniter->handleRequest(null, Object(Config\Cache), false)
 4 FCPATH\index.php(55): CodeIgniter\CodeIgniter->run()
CRITICAL - 2022-07-19 12:46:09 --> You must set the database table to be used with your query.
in SYSTEMPATH\Database\BaseConnection.php on line 874.
 1 SYSTEMPATH\Model.php(586): CodeIgniter\Database\BaseConnection->table(null)
 2 SYSTEMPATH\Model.php(763): CodeIgniter\Model->builder()
 3 APPPATH\Controllers\Productos.php(281): CodeIgniter\Model->__call('update_product', [...])
 4 SYSTEMPATH\CodeIgniter.php(896): App\Controllers\Productos->edit_producto('1')
 5 SYSTEMPATH\CodeIgniter.php(466): CodeIgniter\CodeIgniter->runController(Object(App\Controllers\Productos))
 6 SYSTEMPATH\CodeIgniter.php(349): CodeIgniter\CodeIgniter->handleRequest(null, Object(Config\Cache), false)
 7 FCPATH\index.php(55): CodeIgniter\CodeIgniter->run()
CRITICAL - 2022-07-19 12:47:49 --> You must set the database table to be used with your query.
in SYSTEMPATH\Database\BaseConnection.php on line 874.
 1 SYSTEMPATH\Model.php(586): CodeIgniter\Database\BaseConnection->table(null)
 2 SYSTEMPATH\Model.php(763): CodeIgniter\Model->builder()
 3 APPPATH\Controllers\Productos.php(281): CodeIgniter\Model->__call('update_product', [...])
 4 SYSTEMPATH\CodeIgniter.php(896): App\Controllers\Productos->edit_producto('1')
 5 SYSTEMPATH\CodeIgniter.php(466): CodeIgniter\CodeIgniter->runController(Object(App\Controllers\Productos))
 6 SYSTEMPATH\CodeIgniter.php(349): CodeIgniter\CodeIgniter->handleRequest(null, Object(Config\Cache), false)
 7 FCPATH\index.php(55): CodeIgniter\CodeIgniter->run()
CRITICAL - 2022-07-19 12:48:01 --> Uncaught CodeIgniter\Database\Exceptions\DatabaseException: You must set the database table to be used with your query. in C:\xampp\htdocs\tfg\backoffice\system\Database\BaseConnection.php:874
Stack trace:
#0 C:\xampp\htdocs\tfg\backoffice\system\Model.php(586): CodeIgniter\Database\BaseConnection->table(NULL)
#1 C:\xampp\htdocs\tfg\backoffice\system\Model.php(763): CodeIgniter\Model->builder()
#2 C:\xampp\htdocs\tfg\backoffice\app\Controllers\Productos.php(281): CodeIgniter\Model->__call('update_product', Array)
#3 C:\xampp\htdocs\tfg\backoffice\system\CodeIgniter.php(896): App\Controllers\Productos->edit_producto('1')
#4 C:\xampp\htdocs\tfg\backoffice\system\CodeIgniter.php(466): CodeIgniter\CodeIgniter->runController(Object(App\Controllers\Productos))
#5 C:\xampp\htdocs\tfg\backoffice\system\CodeIgniter.php(349): CodeIgniter\CodeIgniter->handleRequest(NULL, Object(Config\Cache), false)
#6 C:\xampp\htdocs\tfg\backoffice\public\index.php(55): CodeIgniter\CodeIgniter->run()
#7 {main}
  thrown
in SYSTEMPATH\Database\BaseConnection.php on line 874.
 1 [internal function]: CodeIgniter\Debug\Exceptions->shutdownHandler()
CRITICAL - 2022-07-19 12:52:08 --> You must set the database table to be used with your query.
in SYSTEMPATH\Database\BaseConnection.php on line 874.
 1 SYSTEMPATH\Model.php(586): CodeIgniter\Database\BaseConnection->table(null)
 2 SYSTEMPATH\Model.php(763): CodeIgniter\Model->builder()
 3 APPPATH\Controllers\Productos.php(281): CodeIgniter\Model->__call('update_product', [...])
 4 SYSTEMPATH\CodeIgniter.php(896): App\Controllers\Productos->edit_producto('1')
 5 SYSTEMPATH\CodeIgniter.php(466): CodeIgniter\CodeIgniter->runController(Object(App\Controllers\Productos))
 6 SYSTEMPATH\CodeIgniter.php(349): CodeIgniter\CodeIgniter->handleRequest(null, Object(Config\Cache), false)
 7 FCPATH\index.php(55): CodeIgniter\CodeIgniter->run()
CRITICAL - 2022-07-19 12:52:19 --> You must set the database table to be used with your query.
in SYSTEMPATH\Database\BaseConnection.php on line 874.
 1 SYSTEMPATH\Model.php(586): CodeIgniter\Database\BaseConnection->table(null)
 2 SYSTEMPATH\Model.php(763): CodeIgniter\Model->builder()
 3 APPPATH\Controllers\Productos.php(281): CodeIgniter\Model->__call('update_product', [...])
 4 SYSTEMPATH\CodeIgniter.php(896): App\Controllers\Productos->edit_producto('1')
 5 SYSTEMPATH\CodeIgniter.php(466): CodeIgniter\CodeIgniter->runController(Object(App\Controllers\Productos))
 6 SYSTEMPATH\CodeIgniter.php(349): CodeIgniter\CodeIgniter->handleRequest(null, Object(Config\Cache), false)
 7 FCPATH\index.php(55): CodeIgniter\CodeIgniter->run()
CRITICAL - 2022-07-19 12:54:52 --> You must set the database table to be used with your query.
in SYSTEMPATH\Database\BaseConnection.php on line 874.
 1 SYSTEMPATH\Model.php(586): CodeIgniter\Database\BaseConnection->table(null)
 2 SYSTEMPATH\Model.php(763): CodeIgniter\Model->builder()
 3 APPPATH\Controllers\Productos.php(281): CodeIgniter\Model->__call('update_product', [...])
 4 SYSTEMPATH\CodeIgniter.php(896): App\Controllers\Productos->edit_producto('1')
 5 SYSTEMPATH\CodeIgniter.php(466): CodeIgniter\CodeIgniter->runController(Object(App\Controllers\Productos))
 6 SYSTEMPATH\CodeIgniter.php(349): CodeIgniter\CodeIgniter->handleRequest(null, Object(Config\Cache), false)
 7 FCPATH\index.php(55): CodeIgniter\CodeIgniter->run()
CRITICAL - 2022-07-19 13:03:51 --> You must set the database table to be used with your query.
in SYSTEMPATH\Database\BaseConnection.php on line 874.
 1 SYSTEMPATH\Model.php(586): CodeIgniter\Database\BaseConnection->table(null)
 2 SYSTEMPATH\Model.php(763): CodeIgniter\Model->builder()
 3 APPPATH\Controllers\Productos.php(282): CodeIgniter\Model->__call('update_product', [...])
 4 SYSTEMPATH\CodeIgniter.php(896): App\Controllers\Productos->edit_producto('1')
 5 SYSTEMPATH\CodeIgniter.php(466): CodeIgniter\CodeIgniter->runController(Object(App\Controllers\Productos))
 6 SYSTEMPATH\CodeIgniter.php(349): CodeIgniter\CodeIgniter->handleRequest(null, Object(Config\Cache), false)
 7 FCPATH\index.php(55): CodeIgniter\CodeIgniter->run()
CRITICAL - 2022-07-19 13:08:10 --> Uncaught CodeIgniter\Database\Exceptions\DatabaseException: You must set the database table to be used with your query. in C:\xampp\htdocs\tfg\backoffice\system\Database\BaseConnection.php:874
Stack trace:
#0 C:\xampp\htdocs\tfg\backoffice\system\Model.php(586): CodeIgniter\Database\BaseConnection->table(NULL)
#1 C:\xampp\htdocs\tfg\backoffice\system\Model.php(763): CodeIgniter\Model->builder()
#2 C:\xampp\htdocs\tfg\backoffice\app\Controllers\Productos.php(282): CodeIgniter\Model->__call('update_product', Array)
#3 C:\xampp\htdocs\tfg\backoffice\system\CodeIgniter.php(896): App\Controllers\Productos->edit_producto('1')
#4 C:\xampp\htdocs\tfg\backoffice\system\CodeIgniter.php(466): CodeIgniter\CodeIgniter->runController(Object(App\Controllers\Productos))
#5 C:\xampp\htdocs\tfg\backoffice\system\CodeIgniter.php(349): CodeIgniter\CodeIgniter->handleRequest(NULL, Object(Config\Cache), false)
#6 C:\xampp\htdocs\tfg\backoffice\public\index.php(55): CodeIgniter\CodeIgniter->run()
#7 {main}
  thrown
in SYSTEMPATH\Database\BaseConnection.php on line 874.
 1 [internal function]: CodeIgniter\Debug\Exceptions->shutdownHandler()
CRITICAL - 2022-07-19 13:17:39 --> Invalid argument supplied for foreach()
in APPPATH\Views\clientes_list.php on line 22.
 1 APPPATH\Views\clientes_list.php(22): CodeIgniter\Debug\Exceptions->errorHandler(2, 'Invalid argument supplied for foreach()', 'APPPATH\\Views\\clientes_list.php', 22, [...])
 2 SYSTEMPATH\View\View.php(213): include('APPPATH\\Views\\clientes_list.php')
 3 SYSTEMPATH\View\View.php(216): CodeIgniter\View\View->CodeIgniter\View\{closure}()
 4 SYSTEMPATH\Common.php(1135): CodeIgniter\View\View->render('clientes_list', [], true)
 5 APPPATH\Controllers\Usuarios.php(113): view('clientes_list', [...])
 6 SYSTEMPATH\CodeIgniter.php(896): App\Controllers\Usuarios->clientes_list()
 7 SYSTEMPATH\CodeIgniter.php(466): CodeIgniter\CodeIgniter->runController(Object(App\Controllers\Usuarios))
 8 SYSTEMPATH\CodeIgniter.php(349): CodeIgniter\CodeIgniter->handleRequest(null, Object(Config\Cache), false)
 9 FCPATH\index.php(55): CodeIgniter\CodeIgniter->run()
CRITICAL - 2022-07-19 14:17:41 --> Uncaught mysqli_sql_exception: Unknown column 'edit' in 'where clause' in C:\xampp\htdocs\tfg\backoffice\system\Database\MySQLi\Connection.php:292
Stack trace:
#0 C:\xampp\htdocs\tfg\backoffice\system\Database\MySQLi\Connection.php(292): mysqli->query('SELECT * FROM u...', 0)
#1 C:\xampp\htdocs\tfg\backoffice\system\Database\BaseConnection.php(695): CodeIgniter\Database\MySQLi\Connection->execute('SELECT * FROM u...')
#2 C:\xampp\htdocs\tfg\backoffice\system\Database\BaseConnection.php(609): CodeIgniter\Database\BaseConnection->simpleQuery('SELECT * FROM u...')
#3 C:\xampp\htdocs\tfg\backoffice\app\Models\Usuarios_model.php(97): CodeIgniter\Database\BaseConnection->query('SELECT * FROM u...')
#4 C:\xampp\htdocs\tfg\backoffice\app\Controllers\Usuarios.php(167): App\Models\Usuarios_model->get_cliente('edit')
#5 C:\xampp\htdocs\tfg\backoffice\system\CodeIgniter.php(896): App\Controllers\Usuarios->direcciones_list('edit', '9')
#6 C:\xampp\htdocs\tfg\backoffice\system\CodeIgniter.php(466): CodeIgniter\CodeIgniter-
in SYSTEMPATH\Database\MySQLi\Connection.php on line 292.
 1 [internal function]: CodeIgniter\Debug\Exceptions->shutdownHandler()
ERROR - 2022-07-19 14:17:43 --> Unknown column 'edit' in 'where clause'
CRITICAL - 2022-07-19 14:17:44 --> Call to a member function getRow() on bool
in APPPATH\Models\Usuarios_model.php on line 98.
 1 APPPATH\Controllers\Usuarios.php(167): App\Models\Usuarios_model->get_cliente('edit')
 2 SYSTEMPATH\CodeIgniter.php(896): App\Controllers\Usuarios->direcciones_list('edit', '9')
 3 SYSTEMPATH\CodeIgniter.php(466): CodeIgniter\CodeIgniter->runController(Object(App\Controllers\Usuarios))
 4 SYSTEMPATH\CodeIgniter.php(349): CodeIgniter\CodeIgniter->handleRequest(null, Object(Config\Cache), false)
 5 FCPATH\index.php(55): CodeIgniter\CodeIgniter->run()
CRITICAL - 2022-07-19 14:19:13 --> Uncaught mysqli_sql_exception: Unknown column 'edit' in 'where clause' in C:\xampp\htdocs\tfg\backoffice\system\Database\MySQLi\Connection.php:292
Stack trace:
#0 C:\xampp\htdocs\tfg\backoffice\system\Database\MySQLi\Connection.php(292): mysqli->query('SELECT * FROM u...', 0)
#1 C:\xampp\htdocs\tfg\backoffice\system\Database\BaseConnection.php(695): CodeIgniter\Database\MySQLi\Connection->execute('SELECT * FROM u...')
#2 C:\xampp\htdocs\tfg\backoffice\system\Database\BaseConnection.php(609): CodeIgniter\Database\BaseConnection->simpleQuery('SELECT * FROM u...')
#3 C:\xampp\htdocs\tfg\backoffice\app\Models\Usuarios_model.php(97): CodeIgniter\Database\BaseConnection->query('SELECT * FROM u...')
#4 C:\xampp\htdocs\tfg\backoffice\app\Controllers\Usuarios.php(167): App\Models\Usuarios_model->get_cliente('edit')
#5 C:\xampp\htdocs\tfg\backoffice\system\CodeIgniter.php(896): App\Controllers\Usuarios->direcciones_list('edit', '9')
#6 C:\xampp\htdocs\tfg\backoffice\system\CodeIgniter.php(466): CodeIgniter\CodeIgniter-
in SYSTEMPATH\Database\MySQLi\Connection.php on line 292.
 1 [internal function]: CodeIgniter\Debug\Exceptions->shutdownHandler()
ERROR - 2022-07-19 14:19:15 --> Unknown column 'edit' in 'where clause'
CRITICAL - 2022-07-19 14:19:15 --> Call to a member function getRow() on bool
in APPPATH\Models\Usuarios_model.php on line 98.
 1 APPPATH\Controllers\Usuarios.php(167): App\Models\Usuarios_model->get_cliente('edit')
 2 SYSTEMPATH\CodeIgniter.php(896): App\Controllers\Usuarios->direcciones_list('edit', '9')
 3 SYSTEMPATH\CodeIgniter.php(466): CodeIgniter\CodeIgniter->runController(Object(App\Controllers\Usuarios))
 4 SYSTEMPATH\CodeIgniter.php(349): CodeIgniter\CodeIgniter->handleRequest(null, Object(Config\Cache), false)
 5 FCPATH\index.php(55): CodeIgniter\CodeIgniter->run()
ERROR - 2022-07-19 14:19:34 --> Unknown column 'edit' in 'where clause'
CRITICAL - 2022-07-19 14:19:36 --> Call to a member function getRow() on bool
in APPPATH\Models\Usuarios_model.php on line 98.
 1 APPPATH\Controllers\Usuarios.php(167): App\Models\Usuarios_model->get_cliente('edit')
 2 SYSTEMPATH\CodeIgniter.php(896): App\Controllers\Usuarios->direcciones_list('edit', '9')
 3 SYSTEMPATH\CodeIgniter.php(466): CodeIgniter\CodeIgniter->runController(Object(App\Controllers\Usuarios))
 4 SYSTEMPATH\CodeIgniter.php(349): CodeIgniter\CodeIgniter->handleRequest(null, Object(Config\Cache), false)
 5 FCPATH\index.php(55): CodeIgniter\CodeIgniter->run()
CRITICAL - 2022-07-19 14:24:15 --> Uncaught mysqli_sql_exception: Unknown column 'edit' in 'where clause' in C:\xampp\htdocs\tfg\backoffice\system\Database\MySQLi\Connection.php:292
Stack trace:
#0 C:\xampp\htdocs\tfg\backoffice\system\Database\MySQLi\Connection.php(292): mysqli->query('SELECT * FROM u...', 0)
#1 C:\xampp\htdocs\tfg\backoffice\system\Database\BaseConnection.php(695): CodeIgniter\Database\MySQLi\Connection->execute('SELECT * FROM u...')
#2 C:\xampp\htdocs\tfg\backoffice\system\Database\BaseConnection.php(609): CodeIgniter\Database\BaseConnection->simpleQuery('SELECT * FROM u...')
#3 C:\xampp\htdocs\tfg\backoffice\app\Models\Usuarios_model.php(97): CodeIgniter\Database\BaseConnection->query('SELECT * FROM u...')
#4 C:\xampp\htdocs\tfg\backoffice\app\Controllers\Usuarios.php(167): App\Models\Usuarios_model->get_cliente('edit')
#5 C:\xampp\htdocs\tfg\backoffice\system\CodeIgniter.php(896): App\Controllers\Usuarios->direcciones_list('edit', '9')
#6 C:\xampp\htdocs\tfg\backoffice\system\CodeIgniter.php(466): CodeIgniter\CodeIgniter-
in SYSTEMPATH\Database\MySQLi\Connection.php on line 292.
 1 [internal function]: CodeIgniter\Debug\Exceptions->shutdownHandler()
ERROR - 2022-07-19 14:24:19 --> Unknown column 'edit' in 'where clause'
CRITICAL - 2022-07-19 14:24:20 --> Call to a member function getRow() on bool
in APPPATH\Models\Usuarios_model.php on line 98.
 1 APPPATH\Controllers\Usuarios.php(167): App\Models\Usuarios_model->get_cliente('edit')
 2 SYSTEMPATH\CodeIgniter.php(896): App\Controllers\Usuarios->direcciones_list('edit', '9')
 3 SYSTEMPATH\CodeIgniter.php(466): CodeIgniter\CodeIgniter->runController(Object(App\Controllers\Usuarios))
 4 SYSTEMPATH\CodeIgniter.php(349): CodeIgniter\CodeIgniter->handleRequest(null, Object(Config\Cache), false)
 5 FCPATH\index.php(55): CodeIgniter\CodeIgniter->run()
ERROR - 2022-07-19 14:24:35 --> Unknown column 'edit' in 'where clause'
CRITICAL - 2022-07-19 14:24:35 --> Call to a member function getRow() on bool
in APPPATH\Models\Usuarios_model.php on line 98.
 1 APPPATH\Controllers\Usuarios.php(167): App\Models\Usuarios_model->get_cliente('edit')
 2 SYSTEMPATH\CodeIgniter.php(896): App\Controllers\Usuarios->direcciones_list('edit', '9')
 3 SYSTEMPATH\CodeIgniter.php(466): CodeIgniter\CodeIgniter->runController(Object(App\Controllers\Usuarios))
 4 SYSTEMPATH\CodeIgniter.php(349): CodeIgniter\CodeIgniter->handleRequest(null, Object(Config\Cache), false)
 5 FCPATH\index.php(55): CodeIgniter\CodeIgniter->run()
ERROR - 2022-07-19 14:35:55 --> Unknown column 'apellidos' in 'field list'
CRITICAL - 2022-07-19 14:51:22 --> Invalid argument supplied for foreach()
in APPPATH\Views\pedidos_list.php on line 23.
 1 APPPATH\Views\pedidos_list.php(23): CodeIgniter\Debug\Exceptions->errorHandler(2, 'Invalid argument supplied for foreach()', 'APPPATH\\Views\\pedidos_list.php', 23, [...])
 2 SYSTEMPATH\View\View.php(213): include('APPPATH\\Views\\pedidos_list.php')
 3 SYSTEMPATH\View\View.php(216): CodeIgniter\View\View->CodeIgniter\View\{closure}()
 4 SYSTEMPATH\Common.php(1135): CodeIgniter\View\View->render('pedidos_list', [], true)
 5 APPPATH\Controllers\Usuarios.php(232): view('pedidos_list', [...])
 6 SYSTEMPATH\CodeIgniter.php(896): App\Controllers\Usuarios->pedidos_list()
 7 SYSTEMPATH\CodeIgniter.php(466): CodeIgniter\CodeIgniter->runController(Object(App\Controllers\Usuarios))
 8 SYSTEMPATH\CodeIgniter.php(349): CodeIgniter\CodeIgniter->handleRequest(null, Object(Config\Cache), false)
 9 FCPATH\index.php(55): CodeIgniter\CodeIgniter->run()
CRITICAL - 2022-07-19 14:53:49 --> Uncaught ErrorException: Invalid argument supplied for foreach() in C:\xampp\htdocs\tfg\backoffice\app\Views\pedidos_list.php:23
Stack trace:
#0 C:\xampp\htdocs\tfg\backoffice\app\Views\pedidos_list.php(23): CodeIgniter\Debug\Exceptions->errorHandler(2, 'Invalid argumen...', 'C:\\xampp\\htdocs...', 23, Array)
#1 C:\xampp\htdocs\tfg\backoffice\system\View\View.php(213): include('C:\\xampp\\htdocs...')
#2 C:\xampp\htdocs\tfg\backoffice\system\View\View.php(216): CodeIgniter\View\View->CodeIgniter\View\{closure}()
#3 C:\xampp\htdocs\tfg\backoffice\system\Common.php(1135): CodeIgniter\View\View->render('pedidos_list', Array, true)
#4 C:\xampp\htdocs\tfg\backoffice\app\Controllers\Usuarios.php(232): view('pedidos_list', Array)
#5 C:\xampp\htdocs\tfg\backoffice\system\CodeIgniter.php(896): App\Controllers\Usuarios->pedidos_list()
#6 C:\xampp\htdocs\tfg\backoffice\system\CodeIgniter.php(466): CodeIgniter\CodeIgniter->runController(Object(App\Controllers\Usuarios))
#7 C:\xampp\htdocs\tfg\backoffice\system\CodeIgniter
in APPPATH\Views\pedidos_list.php on line 23.
 1 [internal function]: CodeIgniter\Debug\Exceptions->shutdownHandler()
CRITICAL - 2022-07-19 16:31:00 --> Invalid argument supplied for foreach()
in APPPATH\Views\ver_pedido.php on line 40.
 1 APPPATH\Views\ver_pedido.php(40): CodeIgniter\Debug\Exceptions->errorHandler(2, 'Invalid argument supplied for foreach()', 'APPPATH\\Views\\ver_pedido.php', 40, [...])
 2 SYSTEMPATH\View\View.php(213): include('APPPATH\\Views\\ver_pedido.php')
 3 SYSTEMPATH\View\View.php(216): CodeIgniter\View\View->CodeIgniter\View\{closure}()
 4 SYSTEMPATH\Common.php(1135): CodeIgniter\View\View->render('ver_pedido', [], true)
 5 APPPATH\Controllers\Usuarios.php(253): view('ver_pedido', [...])
 6 SYSTEMPATH\CodeIgniter.php(896): App\Controllers\Usuarios->ver_pedido('1')
 7 SYSTEMPATH\CodeIgniter.php(466): CodeIgniter\CodeIgniter->runController(Object(App\Controllers\Usuarios))
 8 SYSTEMPATH\CodeIgniter.php(349): CodeIgniter\CodeIgniter->handleRequest(null, Object(Config\Cache), false)
 9 FCPATH\index.php(55): CodeIgniter\CodeIgniter->run()
CRITICAL - 2022-07-19 16:41:13 --> You must set the database table to be used with your query.
in SYSTEMPATH\Database\BaseConnection.php on line 874.
 1 SYSTEMPATH\Model.php(586): CodeIgniter\Database\BaseConnection->table(null)
 2 SYSTEMPATH\Model.php(763): CodeIgniter\Model->builder()
 3 APPPATH\Views\ver_pedido.php(62): CodeIgniter\Model->__call('getProducto', [...])
 4 SYSTEMPATH\View\View.php(213): include('APPPATH\\Views\\ver_pedido.php')
 5 SYSTEMPATH\View\View.php(216): CodeIgniter\View\View->CodeIgniter\View\{closure}()
 6 SYSTEMPATH\Common.php(1135): CodeIgniter\View\View->render('ver_pedido', [], true)
 7 APPPATH\Controllers\Usuarios.php(253): view('ver_pedido', [...])
 8 SYSTEMPATH\CodeIgniter.php(896): App\Controllers\Usuarios->ver_pedido('1')
 9 SYSTEMPATH\CodeIgniter.php(466): CodeIgniter\CodeIgniter->runController(Object(App\Controllers\Usuarios))
10 SYSTEMPATH\CodeIgniter.php(349): CodeIgniter\CodeIgniter->handleRequest(null, Object(Config\Cache), false)
11 FCPATH\index.php(55): CodeIgniter\CodeIgniter->run()
ERROR - 2022-07-19 16:41:43 --> You have an error in your SQL syntax; check the manual that corresponds to your MariaDB server version for the right syntax to use near '' at line 1
CRITICAL - 2022-07-19 16:41:44 --> Call to a member function getRow() on bool
in APPPATH\Models\Usuarios_model.php on line 146.
 1 APPPATH\Views\ver_pedido.php(62): App\Models\Usuarios_model->get_producto(null)
 2 SYSTEMPATH\View\View.php(213): include('APPPATH\\Views\\ver_pedido.php')
 3 SYSTEMPATH\View\View.php(216): CodeIgniter\View\View->CodeIgniter\View\{closure}()
 4 SYSTEMPATH\Common.php(1135): CodeIgniter\View\View->render('ver_pedido', [], true)
 5 APPPATH\Controllers\Usuarios.php(253): view('ver_pedido', [...])
 6 SYSTEMPATH\CodeIgniter.php(896): App\Controllers\Usuarios->ver_pedido('1')
 7 SYSTEMPATH\CodeIgniter.php(466): CodeIgniter\CodeIgniter->runController(Object(App\Controllers\Usuarios))
 8 SYSTEMPATH\CodeIgniter.php(349): CodeIgniter\CodeIgniter->handleRequest(null, Object(Config\Cache), false)
 9 FCPATH\index.php(55): CodeIgniter\CodeIgniter->run()
ERROR - 2022-07-19 16:41:51 --> You have an error in your SQL syntax; check the manual that corresponds to your MariaDB server version for the right syntax to use near '' at line 1
CRITICAL - 2022-07-19 16:41:52 --> Call to a member function getRow() on bool
in APPPATH\Models\Usuarios_model.php on line 146.
 1 APPPATH\Views\ver_pedido.php(62): App\Models\Usuarios_model->get_producto(null)
 2 SYSTEMPATH\View\View.php(213): include('APPPATH\\Views\\ver_pedido.php')
 3 SYSTEMPATH\View\View.php(216): CodeIgniter\View\View->CodeIgniter\View\{closure}()
 4 SYSTEMPATH\Common.php(1135): CodeIgniter\View\View->render('ver_pedido', [], true)
 5 APPPATH\Controllers\Usuarios.php(253): view('ver_pedido', [...])
 6 SYSTEMPATH\CodeIgniter.php(896): App\Controllers\Usuarios->ver_pedido('1')
 7 SYSTEMPATH\CodeIgniter.php(466): CodeIgniter\CodeIgniter->runController(Object(App\Controllers\Usuarios))
 8 SYSTEMPATH\CodeIgniter.php(349): CodeIgniter\CodeIgniter->handleRequest(null, Object(Config\Cache), false)
 9 FCPATH\index.php(55): CodeIgniter\CodeIgniter->run()
ERROR - 2022-07-19 16:42:25 --> You have an error in your SQL syntax; check the manual that corresponds to your MariaDB server version for the right syntax to use near '' at line 1
CRITICAL - 2022-07-19 16:42:25 --> Call to a member function getRow() on bool
in APPPATH\Models\Usuarios_model.php on line 146.
 1 APPPATH\Views\ver_pedido.php(62): App\Models\Usuarios_model->get_producto(null)
 2 SYSTEMPATH\View\View.php(213): include('APPPATH\\Views\\ver_pedido.php')
 3 SYSTEMPATH\View\View.php(216): CodeIgniter\View\View->CodeIgniter\View\{closure}()
 4 SYSTEMPATH\Common.php(1135): CodeIgniter\View\View->render('ver_pedido', [], true)
 5 APPPATH\Controllers\Usuarios.php(253): view('ver_pedido', [...])
 6 SYSTEMPATH\CodeIgniter.php(896): App\Controllers\Usuarios->ver_pedido('1')
 7 SYSTEMPATH\CodeIgniter.php(466): CodeIgniter\CodeIgniter->runController(Object(App\Controllers\Usuarios))
 8 SYSTEMPATH\CodeIgniter.php(349): CodeIgniter\CodeIgniter->handleRequest(null, Object(Config\Cache), false)
 9 FCPATH\index.php(55): CodeIgniter\CodeIgniter->run()
ERROR - 2022-07-19 16:42:44 --> You have an error in your SQL syntax; check the manual that corresponds to your MariaDB server version for the right syntax to use near '' at line 1
CRITICAL - 2022-07-19 16:43:03 --> Call to a member function getRow() on bool
in APPPATH\Models\Usuarios_model.php on line 146.
 1 APPPATH\Views\ver_pedido.php(62): App\Models\Usuarios_model->get_producto(null)
 2 SYSTEMPATH\View\View.php(213): include('APPPATH\\Views\\ver_pedido.php')
 3 SYSTEMPATH\View\View.php(216): CodeIgniter\View\View->CodeIgniter\View\{closure}()
 4 SYSTEMPATH\Common.php(1135): CodeIgniter\View\View->render('ver_pedido', [], true)
 5 APPPATH\Controllers\Usuarios.php(253): view('ver_pedido', [...])
 6 SYSTEMPATH\CodeIgniter.php(896): App\Controllers\Usuarios->ver_pedido('1')
 7 SYSTEMPATH\CodeIgniter.php(466): CodeIgniter\CodeIgniter->runController(Object(App\Controllers\Usuarios))
 8 SYSTEMPATH\CodeIgniter.php(349): CodeIgniter\CodeIgniter->handleRequest(null, Object(Config\Cache), false)
 9 FCPATH\index.php(55): CodeIgniter\CodeIgniter->run()
ERROR - 2022-07-19 16:43:46 --> You have an error in your SQL syntax; check the manual that corresponds to your MariaDB server version for the right syntax to use near '' at line 1
CRITICAL - 2022-07-19 16:43:46 --> Call to a member function getRow() on bool
in APPPATH\Models\Usuarios_model.php on line 146.
 1 APPPATH\Views\ver_pedido.php(62): App\Models\Usuarios_model->get_producto(null)
 2 SYSTEMPATH\View\View.php(213): include('APPPATH\\Views\\ver_pedido.php')
 3 SYSTEMPATH\View\View.php(216): CodeIgniter\View\View->CodeIgniter\View\{closure}()
 4 SYSTEMPATH\Common.php(1135): CodeIgniter\View\View->render('ver_pedido', [], true)
 5 APPPATH\Controllers\Usuarios.php(253): view('ver_pedido', [...])
 6 SYSTEMPATH\CodeIgniter.php(896): App\Controllers\Usuarios->ver_pedido('1')
 7 SYSTEMPATH\CodeIgniter.php(466): CodeIgniter\CodeIgniter->runController(Object(App\Controllers\Usuarios))
 8 SYSTEMPATH\CodeIgniter.php(349): CodeIgniter\CodeIgniter->handleRequest(null, Object(Config\Cache), false)
 9 FCPATH\index.php(55): CodeIgniter\CodeIgniter->run()
ERROR - 2022-07-19 16:43:50 --> You have an error in your SQL syntax; check the manual that corresponds to your MariaDB server version for the right syntax to use near '' at line 1
CRITICAL - 2022-07-19 16:43:50 --> Call to a member function getRow() on bool
in APPPATH\Models\Usuarios_model.php on line 146.
 1 APPPATH\Views\ver_pedido.php(62): App\Models\Usuarios_model->get_producto(null)
 2 SYSTEMPATH\View\View.php(213): include('APPPATH\\Views\\ver_pedido.php')
 3 SYSTEMPATH\View\View.php(216): CodeIgniter\View\View->CodeIgniter\View\{closure}()
 4 SYSTEMPATH\Common.php(1135): CodeIgniter\View\View->render('ver_pedido', [], true)
 5 APPPATH\Controllers\Usuarios.php(253): view('ver_pedido', [...])
 6 SYSTEMPATH\CodeIgniter.php(896): App\Controllers\Usuarios->ver_pedido('1')
 7 SYSTEMPATH\CodeIgniter.php(466): CodeIgniter\CodeIgniter->runController(Object(App\Controllers\Usuarios))
 8 SYSTEMPATH\CodeIgniter.php(349): CodeIgniter\CodeIgniter->handleRequest(null, Object(Config\Cache), false)
 9 FCPATH\index.php(55): CodeIgniter\CodeIgniter->run()
ERROR - 2022-07-19 16:44:15 --> You have an error in your SQL syntax; check the manual that corresponds to your MariaDB server version for the right syntax to use near '' at line 1
CRITICAL - 2022-07-19 16:44:16 --> Call to a member function getRow() on bool
in APPPATH\Models\Usuarios_model.php on line 146.
 1 APPPATH\Views\ver_pedido.php(62): App\Models\Usuarios_model->get_producto(null)
 2 SYSTEMPATH\View\View.php(213): include('APPPATH\\Views\\ver_pedido.php')
 3 SYSTEMPATH\View\View.php(216): CodeIgniter\View\View->CodeIgniter\View\{closure}()
 4 SYSTEMPATH\Common.php(1135): CodeIgniter\View\View->render('ver_pedido', [], true)
 5 APPPATH\Controllers\Usuarios.php(253): view('ver_pedido', [...])
 6 SYSTEMPATH\CodeIgniter.php(896): App\Controllers\Usuarios->ver_pedido('1')
 7 SYSTEMPATH\CodeIgniter.php(466): CodeIgniter\CodeIgniter->runController(Object(App\Controllers\Usuarios))
 8 SYSTEMPATH\CodeIgniter.php(349): CodeIgniter\CodeIgniter->handleRequest(null, Object(Config\Cache), false)
 9 FCPATH\index.php(55): CodeIgniter\CodeIgniter->run()
ERROR - 2022-07-19 16:44:33 --> You have an error in your SQL syntax; check the manual that corresponds to your MariaDB server version for the right syntax to use near '' at line 1
CRITICAL - 2022-07-19 16:44:33 --> Call to a member function getRow() on bool
in APPPATH\Models\Usuarios_model.php on line 146.
 1 APPPATH\Views\ver_pedido.php(62): App\Models\Usuarios_model->get_producto(null)
 2 SYSTEMPATH\View\View.php(213): include('APPPATH\\Views\\ver_pedido.php')
 3 SYSTEMPATH\View\View.php(216): CodeIgniter\View\View->CodeIgniter\View\{closure}()
 4 SYSTEMPATH\Common.php(1135): CodeIgniter\View\View->render('ver_pedido', [], true)
 5 APPPATH\Controllers\Usuarios.php(253): view('ver_pedido', [...])
 6 SYSTEMPATH\CodeIgniter.php(896): App\Controllers\Usuarios->ver_pedido('1')
 7 SYSTEMPATH\CodeIgniter.php(466): CodeIgniter\CodeIgniter->runController(Object(App\Controllers\Usuarios))
 8 SYSTEMPATH\CodeIgniter.php(349): CodeIgniter\CodeIgniter->handleRequest(null, Object(Config\Cache), false)
 9 FCPATH\index.php(55): CodeIgniter\CodeIgniter->run()
