ERROR - 2022-07-18 12:52:17 --> Error connecting to the database: No se puede establecer una conexión ya que el equipo de destino denegó expresamente dicha conexión.

CRITICAL - 2022-07-18 12:52:17 --> Unable to connect to the database.
Main connection [MySQLi]: No se puede establecer una conexión ya que el equipo de destino denegó expresamente dicha conexión.

in SYSTEMPATH\Database\BaseConnection.php on line 416.
 1 SYSTEMPATH\Database\BaseConnection.php(586): CodeIgniter\Database\BaseConnection->initialize()
 2 APPPATH\Models\Usuarios_model.php(61): CodeIgniter\Database\BaseConnection->query('SELECT * FROM pedidos
        WHERE fecha >= DATE(NOW() - INTERVAL 7 DAY) order by fecha asc;')
 3 APPPATH\Controllers\Home.php(21): App\Models\Usuarios_model->get_pedidos_ultima_semana()
 4 SYSTEMPATH\CodeIgniter.php(896): App\Controllers\Home->home()
 5 SYSTEMPATH\CodeIgniter.php(466): CodeIgniter\CodeIgniter->runController(Object(App\Controllers\Home))
 6 SYSTEMPATH\CodeIgniter.php(349): CodeIgniter\CodeIgniter->handleRequest(null, Object(Config\Cache), false)
 7 FCPATH\index.php(55): CodeIgniter\CodeIgniter->run()
ERROR - 2022-07-18 12:52:32 --> Error connecting to the database: No se puede establecer una conexión ya que el equipo de destino denegó expresamente dicha conexión.

CRITICAL - 2022-07-18 12:52:33 --> Unable to connect to the database.
Main connection [MySQLi]: No se puede establecer una conexión ya que el equipo de destino denegó expresamente dicha conexión.

in SYSTEMPATH\Database\BaseConnection.php on line 416.
 1 SYSTEMPATH\Database\BaseConnection.php(586): CodeIgniter\Database\BaseConnection->initialize()
 2 APPPATH\Models\Usuarios_model.php(61): CodeIgniter\Database\BaseConnection->query('SELECT * FROM pedidos
        WHERE fecha >= DATE(NOW() - INTERVAL 7 DAY) order by fecha asc;')
 3 APPPATH\Controllers\Home.php(21): App\Models\Usuarios_model->get_pedidos_ultima_semana()
 4 SYSTEMPATH\CodeIgniter.php(896): App\Controllers\Home->home()
 5 SYSTEMPATH\CodeIgniter.php(466): CodeIgniter\CodeIgniter->runController(Object(App\Controllers\Home))
 6 SYSTEMPATH\CodeIgniter.php(349): CodeIgniter\CodeIgniter->handleRequest(null, Object(Config\Cache), false)
 7 FCPATH\index.php(55): CodeIgniter\CodeIgniter->run()
ERROR - 2022-07-18 12:52:48 --> Error connecting to the database: No se puede establecer una conexión ya que el equipo de destino denegó expresamente dicha conexión.

CRITICAL - 2022-07-18 12:52:48 --> Unable to connect to the database.
Main connection [MySQLi]: No se puede establecer una conexión ya que el equipo de destino denegó expresamente dicha conexión.

in SYSTEMPATH\Database\BaseConnection.php on line 416.
 1 SYSTEMPATH\Database\BaseConnection.php(586): CodeIgniter\Database\BaseConnection->initialize()
 2 APPPATH\Models\Usuarios_model.php(61): CodeIgniter\Database\BaseConnection->query('SELECT * FROM pedidos
        WHERE fecha >= DATE(NOW() - INTERVAL 7 DAY) order by fecha asc;')
 3 APPPATH\Controllers\Home.php(21): App\Models\Usuarios_model->get_pedidos_ultima_semana()
 4 SYSTEMPATH\CodeIgniter.php(896): App\Controllers\Home->home()
 5 SYSTEMPATH\CodeIgniter.php(466): CodeIgniter\CodeIgniter->runController(Object(App\Controllers\Home))
 6 SYSTEMPATH\CodeIgniter.php(349): CodeIgniter\CodeIgniter->handleRequest(null, Object(Config\Cache), false)
 7 FCPATH\index.php(55): CodeIgniter\CodeIgniter->run()
CRITICAL - 2022-07-18 14:03:05 --> Argument 2 passed to view() must be of the type array, null given, called in C:\xampp\htdocs\tfg\backoffice\app\Controllers\Productos.php on line 61
in SYSTEMPATH\Common.php on line 1121.
 1 APPPATH\Controllers\Productos.php(61): view('productos_list', null)
 2 SYSTEMPATH\CodeIgniter.php(896): App\Controllers\Productos->productos_list()
 3 SYSTEMPATH\CodeIgniter.php(466): CodeIgniter\CodeIgniter->runController(Object(App\Controllers\Productos))
 4 SYSTEMPATH\CodeIgniter.php(349): CodeIgniter\CodeIgniter->handleRequest(null, Object(Config\Cache), false)
 5 FCPATH\index.php(55): CodeIgniter\CodeIgniter->run()
